0 info it worked if it ends with ok
1 verbose cli [ '/usr/local/bin/node',
1 verbose cli   '/usr/local/bin/npm',
1 verbose cli   'run',
1 verbose cli   'buildprod' ]
2 info using npm@4.1.2
3 info using node@v7.6.0
4 verbose run-script [ 'prebuildprod', 'buildprod', 'postbuildprod' ]
5 info lifecycle kusha.me@2.0.0~prebuildprod: kusha.me@2.0.0
6 silly lifecycle kusha.me@2.0.0~prebuildprod: no script for prebuildprod, continuing
7 info lifecycle kusha.me@2.0.0~buildprod: kusha.me@2.0.0
8 verbose lifecycle kusha.me@2.0.0~buildprod: unsafe-perm in lifecycle true
9 verbose lifecycle kusha.me@2.0.0~buildprod: PATH: /usr/local/lib/node_modules/npm/bin/node-gyp-bin:/mnt/c/Users/Kusha/Documents/GitHub/kushagharahi.github.io/node_modules/.bin:/usr/local/bin:/usr/bin:/bin:/usr/local/games:/usr/games
10 verbose lifecycle kusha.me@2.0.0~buildprod: CWD: /mnt/c/Users/Kusha/Documents/GitHub/kushagharahi.github.io
11 silly lifecycle kusha.me@2.0.0~buildprod: Args: [ '-c', 'rm -r dist/* && webpack -p' ]
12 silly lifecycle kusha.me@2.0.0~buildprod: Returned: code: 2  signal: null
13 info lifecycle kusha.me@2.0.0~buildprod: Failed to exec buildprod script
14 verbose stack Error: kusha.me@2.0.0 buildprod: `rm -r dist/* && webpack -p`
14 verbose stack Exit status 2
14 verbose stack     at EventEmitter.<anonymous> (/usr/local/lib/node_modules/npm/lib/utils/lifecycle.js:279:16)
14 verbose stack     at emitTwo (events.js:106:13)
14 verbose stack     at EventEmitter.emit (events.js:192:7)
14 verbose stack     at ChildProcess.<anonymous> (/usr/local/lib/node_modules/npm/lib/utils/spawn.js:40:14)
14 verbose stack     at emitTwo (events.js:106:13)
14 verbose stack     at ChildProcess.emit (events.js:192:7)
14 verbose stack     at maybeClose (internal/child_process.js:890:16)
14 verbose stack     at Process.ChildProcess._handle.onexit (internal/child_process.js:226:5)
15 verbose pkgid kusha.me@2.0.0
16 verbose cwd /mnt/c/Users/Kusha/Documents/GitHub/kushagharahi.github.io
17 error Linux 3.4.0+
18 error argv "/usr/local/bin/node" "/usr/local/bin/npm" "run" "buildprod"
19 error node v7.6.0
20 error npm  v4.1.2
21 error code ELIFECYCLE
22 error kusha.me@2.0.0 buildprod: `rm -r dist/* && webpack -p`
22 error Exit status 2
23 error Failed at the kusha.me@2.0.0 buildprod script 'rm -r dist/* && webpack -p'.
23 error Make sure you have the latest version of node.js and npm installed.
23 error If you do, this is most likely a problem with the kusha.me package,
23 error not with npm itself.
23 error Tell the author that this fails on your system:
23 error     rm -r dist/* && webpack -p
23 error You can get information on how to open an issue for this project with:
23 error     npm bugs kusha.me
23 error Or if that isn't available, you can get their info via:
23 error     npm owner ls kusha.me
23 error There is likely additional logging output above.
24 verbose exit [ 1, true ]
